<?xml version="1.0" encoding="UTF-8"?>
<coverage generated="1710769658002" clover="3.2.0">
  <project timestamp="1710769658002" name="All files">
    <metrics statements="13" coveredstatements="9" conditionals="4" coveredconditionals="2" methods="2" coveredmethods="2" elements="19" coveredelements="13" complexity="0" loc="13" ncloc="13" packages="1" files="1" classes="1"/>
    <file name="productos.js" path="/Users/matiiu/Code_Projects/credit-card-payment/src/api/productos.js">
      <metrics statements="13" coveredstatements="9" conditionals="4" coveredconditionals="2" methods="2" coveredmethods="2"/>
      <line num="1" count="1" type="stmt"/>
      <line num="4" count="1" type="stmt"/>
      <line num="5" count="1" type="stmt"/>
      <line num="6" count="1" type="cond" truecount="1" falsecount="1"/>
      <line num="7" count="0" type="stmt"/>
      <line num="10" count="1" type="stmt"/>
      <line num="12" count="0" type="stmt"/>
      <line num="17" count="1" type="stmt"/>
      <line num="18" count="1" type="stmt"/>
      <line num="19" count="1" type="cond" truecount="1" falsecount="1"/>
      <line num="20" count="0" type="stmt"/>
      <line num="23" count="1" type="stmt"/>
      <line num="25" count="0" type="stmt"/>
    </file>
  </project>
</coverage>
